[debug] [2025-12-20T17:10:31.349Z] ----------------------------------------------------------------------
[debug] [2025-12-20T17:10:31.353Z] Command:       C:\Program Files\nodejs\node.exe C:\Users\ntceh\AppData\Roaming\npm\node_modules\firebase-tools\lib\bin\firebase.js deploy --only functions
[debug] [2025-12-20T17:10:31.354Z] CLI Version:   15.1.0
[debug] [2025-12-20T17:10:31.354Z] Platform:      win32
[debug] [2025-12-20T17:10:31.354Z] Node Version:  v22.20.0
[debug] [2025-12-20T17:10:31.355Z] Time:          Sat Dec 20 2025 22:10:31 GMT+0500 (Pakistan Standard Time)
[debug] [2025-12-20T17:10:31.355Z] ----------------------------------------------------------------------
[debug] 
[debug] [2025-12-20T17:10:33.746Z] > command requires scopes: ["email","openid","https://www.googleapis.com/auth/cloudplatformprojects.readonly","https://www.googleapis.com/auth/firebase","https://www.googleapis.com/auth/cloud-platform"]
[debug] [2025-12-20T17:10:33.747Z] > authorizing via signed-in user (tayyarihub1@gmail.com)
[debug] [2025-12-20T17:10:33.747Z] [iam] checking project tayyari-hub for permissions ["cloudfunctions.functions.create","cloudfunctions.functions.delete","cloudfunctions.functions.get","cloudfunctions.functions.list","cloudfunctions.functions.update","cloudfunctions.operations.get","firebase.projects.get"]
[debug] [2025-12-20T17:10:33.749Z] Checked if tokens are valid: true, expires at: 1766253491756
[debug] [2025-12-20T17:10:33.749Z] Checked if tokens are valid: true, expires at: 1766253491756
[debug] [2025-12-20T17:10:33.750Z] >>> [apiv2][query] POST https://cloudresourcemanager.googleapis.com/v1/projects/tayyari-hub:testIamPermissions [none]
[debug] [2025-12-20T17:10:33.750Z] >>> [apiv2][(partial)header] POST https://cloudresourcemanager.googleapis.com/v1/projects/tayyari-hub:testIamPermissions x-goog-quota-user=projects/tayyari-hub
[debug] [2025-12-20T17:10:33.751Z] >>> [apiv2][body] POST https://cloudresourcemanager.googleapis.com/v1/projects/tayyari-hub:testIamPermissions {"permissions":["cloudfunctions.functions.create","cloudfunctions.functions.delete","cloudfunctions.functions.get","cloudfunctions.functions.list","cloudfunctions.functions.update","cloudfunctions.operations.get","firebase.projects.get"]}
[debug] [2025-12-20T17:10:37.591Z] <<< [apiv2][status] POST https://cloudresourcemanager.googleapis.com/v1/projects/tayyari-hub:testIamPermissions 200
[debug] [2025-12-20T17:10:37.591Z] <<< [apiv2][body] POST https://cloudresourcemanager.googleapis.com/v1/projects/tayyari-hub:testIamPermissions {"permissions":["cloudfunctions.functions.create","cloudfunctions.functions.delete","cloudfunctions.functions.get","cloudfunctions.functions.list","cloudfunctions.functions.update","cloudfunctions.operations.get","firebase.projects.get"]}
[debug] [2025-12-20T17:10:37.591Z] Checked if tokens are valid: true, expires at: 1766253491756
[debug] [2025-12-20T17:10:37.591Z] Checked if tokens are valid: true, expires at: 1766253491756
[debug] [2025-12-20T17:10:37.591Z] >>> [apiv2][query] POST https://iam.googleapis.com/v1/projects/tayyari-hub/serviceAccounts/tayyari-hub@appspot.gserviceaccount.com:testIamPermissions [none]
[debug] [2025-12-20T17:10:37.591Z] >>> [apiv2][body] POST https://iam.googleapis.com/v1/projects/tayyari-hub/serviceAccounts/tayyari-hub@appspot.gserviceaccount.com:testIamPermissions {"permissions":["iam.serviceAccounts.actAs"]}
[debug] [2025-12-20T17:10:38.701Z] <<< [apiv2][status] POST https://iam.googleapis.com/v1/projects/tayyari-hub/serviceAccounts/tayyari-hub@appspot.gserviceaccount.com:testIamPermissions 200
[debug] [2025-12-20T17:10:38.702Z] <<< [apiv2][body] POST https://iam.googleapis.com/v1/projects/tayyari-hub/serviceAccounts/tayyari-hub@appspot.gserviceaccount.com:testIamPermissions {"permissions":["iam.serviceAccounts.actAs"]}
[info] 
[info] === Deploying to 'tayyari-hub'...
[info] 
[info] i  deploying functions 
[info] Running command: npm --prefix "$RESOURCE_DIR" run lint
[info] +  functions: Finished running predeploy script. 
[info] Running command: npm --prefix "$RESOURCE_DIR" run lint
[info] +  functions: Finished running predeploy script. 
[debug] [2025-12-20T17:10:43.933Z] Checked if tokens are valid: true, expires at: 1766253491756
[debug] [2025-12-20T17:10:43.933Z] Checked if tokens are valid: true, expires at: 1766253491756
[debug] [2025-12-20T17:10:43.933Z] >>> [apiv2][query] GET https://cloudresourcemanager.googleapis.com/v1/projects/tayyari-hub [none]
[debug] [2025-12-20T17:10:45.813Z] <<< [apiv2][status] GET https://cloudresourcemanager.googleapis.com/v1/projects/tayyari-hub 200
[debug] [2025-12-20T17:10:45.813Z] <<< [apiv2][body] GET https://cloudresourcemanager.googleapis.com/v1/projects/tayyari-hub {"projectNumber":"476210572589","projectId":"tayyari-hub","lifecycleState":"ACTIVE","name":"Tayyari Hub","labels":{"firebase":"enabled","firebase-core":"disabled"},"createTime":"2025-07-09T15:13:19.381458Z"}
[info] i  functions: preparing codebase default for deployment 
[info] i  functions: preparing codebase deletenonadmins for deployment 
[info] i  functions: ensuring required API cloudfunctions.googleapis.com is enabled... 
[info] i  functions: ensuring required API cloudbuild.googleapis.com is enabled... 
[info] i  artifactregistry: ensuring required API artifactregistry.googleapis.com is enabled... 
[debug] [2025-12-20T17:10:45.817Z] Checked if tokens are valid: true, expires at: 1766253491756
[debug] [2025-12-20T17:10:45.817Z] Checked if tokens are valid: true, expires at: 1766253491756
[debug] [2025-12-20T17:10:45.817Z] >>> [apiv2][query] GET https://firebase.googleapis.com/v1beta1/projects/tayyari-hub/adminSdkConfig [none]
[debug] [2025-12-20T17:10:47.266Z] <<< [apiv2][status] GET https://firebase.googleapis.com/v1beta1/projects/tayyari-hub/adminSdkConfig 200
[debug] [2025-12-20T17:10:47.266Z] <<< [apiv2][body] GET https://firebase.googleapis.com/v1beta1/projects/tayyari-hub/adminSdkConfig {"projectId":"tayyari-hub","storageBucket":"tayyari-hub.firebasestorage.app"}
[debug] [2025-12-20T17:10:47.267Z] Checked if tokens are valid: true, expires at: 1766253491756
[debug] [2025-12-20T17:10:47.267Z] Checked if tokens are valid: true, expires at: 1766253491756
[debug] [2025-12-20T17:10:47.267Z] >>> [apiv2][query] GET https://runtimeconfig.googleapis.com/v1beta1/projects/tayyari-hub/configs [none]
[debug] [2025-12-20T17:10:48.257Z] <<< [apiv2][status] GET https://runtimeconfig.googleapis.com/v1beta1/projects/tayyari-hub/configs 200
[debug] [2025-12-20T17:10:48.258Z] <<< [apiv2][body] GET https://runtimeconfig.googleapis.com/v1beta1/projects/tayyari-hub/configs {}
[debug] [2025-12-20T17:10:48.259Z] Validating nodejs source
[warn] !  functions: Couldn't find firebase-functions package in your source code. Have you run 'npm install'? 
[debug] [2025-12-20T17:10:48.260Z] getFunctionsSDKVersion encountered error: Cannot find module 'firebase-functions'
Require stack:
- C:\Users\ntceh\AppData\Roaming\npm\node_modules\firebase-tools\lib\deploy\functions\runtimes\node\versioning.js
- C:\Users\ntceh\AppData\Roaming\npm\node_modules\firebase-tools\lib\deploy\functions\runtimes\node\index.js
- C:\Users\ntceh\AppData\Roaming\npm\node_modules\firebase-tools\lib\deploy\functions\runtimes\index.js
- C:\Users\ntceh\AppData\Roaming\npm\node_modules\firebase-tools\lib\deploy\functions\prepare.js
- C:\Users\ntceh\AppData\Roaming\npm\node_modules\firebase-tools\lib\emulator\functionsEmulatorShared.js
- C:\Users\ntceh\AppData\Roaming\npm\node_modules\firebase-tools\lib\frameworks\index.js
- C:\Users\ntceh\AppData\Roaming\npm\node_modules\firebase-tools\lib\deploy\hosting\prepare.js
- C:\Users\ntceh\AppData\Roaming\npm\node_modules\firebase-tools\lib\deploy\hosting\index.js
- C:\Users\ntceh\AppData\Roaming\npm\node_modules\firebase-tools\lib\deploy\index.js
- C:\Users\ntceh\AppData\Roaming\npm\node_modules\firebase-tools\lib\commands\deploy.js
- C:\Users\ntceh\AppData\Roaming\npm\node_modules\firebase-tools\lib\commands\index.js
- C:\Users\ntceh\AppData\Roaming\npm\node_modules\firebase-tools\lib\index.js
- C:\Users\ntceh\AppData\Roaming\npm\node_modules\firebase-tools\lib\bin\cli.js
- C:\Users\ntceh\AppData\Roaming\npm\node_modules\firebase-tools\lib\bin\firebase.js {"code":"MODULE_NOT_FOUND","requireStack":["C:\\Users\\ntceh\\AppData\\Roaming\\npm\\node_modules\\firebase-tools\\lib\\deploy\\functions\\runtimes\\node\\versioning.js","C:\\Users\\ntceh\\AppData\\Roaming\\npm\\node_modules\\firebase-tools\\lib\\deploy\\functions\\runtimes\\node\\index.js","C:\\Users\\ntceh\\AppData\\Roaming\\npm\\node_modules\\firebase-tools\\lib\\deploy\\functions\\runtimes\\index.js","C:\\Users\\ntceh\\AppData\\Roaming\\npm\\node_modules\\firebase-tools\\lib\\deploy\\functions\\prepare.js","C:\\Users\\ntceh\\AppData\\Roaming\\npm\\node_modules\\firebase-tools\\lib\\emulator\\functionsEmulatorShared.js","C:\\Users\\ntceh\\AppData\\Roaming\\npm\\node_modules\\firebase-tools\\lib\\frameworks\\index.js","C:\\Users\\ntceh\\AppData\\Roaming\\npm\\node_modules\\firebase-tools\\lib\\deploy\\hosting\\prepare.js","C:\\Users\\ntceh\\AppData\\Roaming\\npm\\node_modules\\firebase-tools\\lib\\deploy\\hosting\\index.js","C:\\Users\\ntceh\\AppData\\Roaming\\npm\\node_modules\\firebase-tools\\lib\\deploy\\index.js","C:\\Users\\ntceh\\AppData\\Roaming\\npm\\node_modules\\firebase-tools\\lib\\commands\\deploy.js","C:\\Users\\ntceh\\AppData\\Roaming\\npm\\node_modules\\firebase-tools\\lib\\commands\\index.js","C:\\Users\\ntceh\\AppData\\Roaming\\npm\\node_modules\\firebase-tools\\lib\\index.js","C:\\Users\\ntceh\\AppData\\Roaming\\npm\\node_modules\\firebase-tools\\lib\\bin\\cli.js","C:\\Users\\ntceh\\AppData\\Roaming\\npm\\node_modules\\firebase-tools\\lib\\bin\\firebase.js"]}
[debug] [2025-12-20T17:10:48.261Z] checkFunctionsSDKVersion encountered error: Invalid Version:  {}
[debug] [2025-12-20T17:10:48.262Z] > [functions] package.json contents: {
  "name": "delete-nonadmins",
  "description": "Firebase function to delete non-admin users",
  "scripts": {
    "lint": "eslint .",
    "deploy": "firebase deploy --only functions"
  },
  "engines": {
    "node": "20"
  },
  "dependencies": {
    "firebase-admin": "^12.13.0",
    "firebase-functions": "^4.6.0"
  },
  "devDependencies": {
    "eslint": "^8.48.0"
  },
  "private": true
}
[debug] [2025-12-20T17:10:48.263Z] Building nodejs source
[info] i  functions: Loading and analyzing source code for codebase default to determine what to deploy 
[debug] [2025-12-20T17:10:48.263Z] Could not parse firebase-functions version '' into semver.
[debug] [2025-12-20T17:10:48.265Z] Could not find functions.yaml. Must use http discovery
[debug] [2025-12-20T17:10:48.282Z] Error: Cannot find module 'firebase-functions'
Require stack:
- C:\Users\ntceh\AppData\Roaming\npm\node_modules\firebase-tools\lib\deploy\functions\runtimes\node\index.js
- C:\Users\ntceh\AppData\Roaming\npm\node_modules\firebase-tools\lib\deploy\functions\runtimes\index.js
- C:\Users\ntceh\AppData\Roaming\npm\node_modules\firebase-tools\lib\deploy\functions\prepare.js
- C:\Users\ntceh\AppData\Roaming\npm\node_modules\firebase-tools\lib\emulator\functionsEmulatorShared.js
- C:\Users\ntceh\AppData\Roaming\npm\node_modules\firebase-tools\lib\frameworks\index.js
- C:\Users\ntceh\AppData\Roaming\npm\node_modules\firebase-tools\lib\deploy\hosting\prepare.js
- C:\Users\ntceh\AppData\Roaming\npm\node_modules\firebase-tools\lib\deploy\hosting\index.js
- C:\Users\ntceh\AppData\Roaming\npm\node_modules\firebase-tools\lib\deploy\index.js
- C:\Users\ntceh\AppData\Roaming\npm\node_modules\firebase-tools\lib\commands\deploy.js
- C:\Users\ntceh\AppData\Roaming\npm\node_modules\firebase-tools\lib\commands\index.js
- C:\Users\ntceh\AppData\Roaming\npm\node_modules\firebase-tools\lib\index.js
- C:\Users\ntceh\AppData\Roaming\npm\node_modules\firebase-tools\lib\bin\cli.js
- C:\Users\ntceh\AppData\Roaming\npm\node_modules\firebase-tools\lib\bin\firebase.js
    at Function._resolveFilename (node:internal/modules/cjs/loader:1383:15)
    at Function.resolve (node:internal/modules/helpers:157:19)
    at Delegate.findFunctionsBinary (C:\Users\ntceh\AppData\Roaming\npm\node_modules\firebase-tools\lib\deploy\functions\runtimes\node\index.js:101:33)
    at Delegate.spawnFunctionsProcess (C:\Users\ntceh\AppData\Roaming\npm\node_modules\firebase-tools\lib\deploy\functions\runtimes\node\index.js:125:30)
    at Delegate.serveAdmin (C:\Users\ntceh\AppData\Roaming\npm\node_modules\firebase-tools\lib\deploy\functions\runtimes\node\index.js:143:35)
    at Delegate.discoverBuild (C:\Users\ntceh\AppData\Roaming\npm\node_modules\firebase-tools\lib\deploy\functions\runtimes\node\index.js:183:41)
    at process.processTicksAndRejections (node:internal/process/task_queues:105:5)
    at async loadCodebases (C:\Users\ntceh\AppData\Roaming\npm\node_modules\firebase-tools\lib\deploy\functions\prepare.js:324:33)
    at async prepare (C:\Users\ntceh\AppData\Roaming\npm\node_modules\firebase-tools\lib\deploy\functions\prepare.js:66:24)
    at async chain (C:\Users\ntceh\AppData\Roaming\npm\node_modules\firebase-tools\lib\deploy\index.js:43:9)
[error] 
[error] Error: An unexpected error has occurred.
